#
# There is insufficient memory for the Java Runtime Environment to continue.
# Native memory allocation (malloc) failed to allocate 1048576 bytes for AllocateHeap
# Possible reasons:
#   The system is out of physical RAM or swap space
#   In 32 bit mode, the process size limit was hit
# Possible solutions:
#   Reduce memory load on the system
#   Increase physical memory or swap space
#   Check if swap backing store is full
#   Use 64 bit Java on a 64 bit OS
#   Decrease Java heap size (-Xmx/-Xms)
#   Decrease number of Java threads
#   Decrease Java thread stack sizes (-Xss)
#   Set larger code cache with -XX:ReservedCodeCacheSize=
# This output file may be truncated or incomplete.
#
#  Out of Memory Error (memory/allocation.inline.hpp:61), pid=21636, tid=0x0000000000000534
#
# JRE version:  (8.0_171-b11) (build )
# Java VM: Java HotSpot(TM) 64-Bit Server VM (25.171-b11 mixed mode windows-amd64 compressed oops)
# Failed to write core dump. Minidumps are not enabled by default on client versions of Windows
#

---------------  T H R E A D  ---------------

Current thread (0x0000000002b45800):  JavaThread "Unknown thread" [_thread_in_vm, id=1332, stack(0x0000000002860000,0x0000000002960000)]

Stack: [0x0000000002860000,0x0000000002960000]
[error occurred during error reporting (printing stack bounds), id 0xc0000005]

Native frames: (J=compiled Java code, j=interpreted, Vv=VM code, C=native code)


---------------  P R O C E S S  ---------------

Java Threads: ( => current thread )

Other Threads:

=>0x0000000002b45800 (exited) JavaThread "Unknown thread" [_thread_in_vm, id=1332, stack(0x0000000002860000,0x0000000002960000)]

VM state:not at safepoint (normal execution)

VM Mutex/Monitor currently owned by a thread: None

Heap:
 PSYoungGen      total 38400K, used 665K [0x00000000d5a00000, 0x00000000d8480000, 0x0000000100000000)
  eden space 33280K, 2% used [0x00000000d5a00000,0x00000000d5aa6670,0x00000000d7a80000)
  from space 5120K, 0% used [0x00000000d7f80000,0x00000000d7f80000,0x00000000d8480000)
  to   space 5120K, 0% used [0x00000000d7a80000,0x00000000d7a80000,0x00000000d7f80000)
 ParOldGen       total 87552K, used 0K [0x0000000080e00000, 0x0000000086380000, 0x00000000d5a00000)
  object space 87552K, 0% used [0x0000000080e00000,0x0000000080e00000,0x0000000086380000)
 Metaspace       used 774K, capacity 4480K, committed 4480K, reserved 1056768K
  class space    used 76K, capacity 384K, committed 384K, reserved 1048576K

Card table byte_map: [0x0000000012000000,0x0000000012400000] byte_map_base: 0x0000000011bf9000

Marking Bits: (ParMarkBitMap*) 0x000000005abc08c0
 Begin Bits: [0x0000000012cb0000, 0x0000000014c78000)
 End Bits:   [0x0000000014c78000, 0x0000000016c40000)

Polling page: 0x00000000009d0000

CodeCache: size=245760Kb used=328Kb max_used=328Kb free=245431Kb
 bounds [0x0000000002c40000, 0x0000000002eb0000, 0x0000000011c40000]
 total_blobs=58 nmethods=0 adapters=38
 compilation: enabled

Compilation events (0 events):
No events

GC Heap History (0 events):
No events

Deoptimization events (0 events):
No events

Classes redefined (0 events):
No events

Internal exceptions (0 events):
No events

Events (10 events):
Event: 0.087 loading class java/lang/Short
Event: 0.087 loading class java/lang/Short done
Event: 0.087 loading class java/lang/Integer
Event: 0.087 loading class java/lang/Integer done
Event: 0.087 loading class java/lang/Long
Event: 0.088 loading class java/lang/Long done
Event: 0.089 loading class java/lang/NullPointerException
Event: 0.089 loading class java/lang/NullPointerException done
Event: 0.089 loading class java/lang/ArithmeticException
Event: 0.089 loading class java/lang/ArithmeticException done


Dynamic libraries:
0x00007ff6c7890000 - 0x00007ff6c78c7000 	F:\soft\Java\jdk1.8.0_171\bin\java.exe
0x00007ffed3240000 - 0x00007ffed3421000 	C:\WINDOWS\SYSTEM32\ntdll.dll
0x00007ffed3130000 - 0x00007ffed31e2000 	C:\WINDOWS\System32\KERNEL32.DLL
0x00007ffecf980000 - 0x00007ffecfbf3000 	C:\WINDOWS\System32\KERNELBASE.dll
0x00007ffed17f0000 - 0x00007ffed1891000 	C:\WINDOWS\System32\ADVAPI32.dll
0x00007ffed0c10000 - 0x00007ffed0cae000 	C:\WINDOWS\System32\msvcrt.dll
0x00007ffed06d0000 - 0x00007ffed072b000 	C:\WINDOWS\System32\sechost.dll
0x00007ffed10a0000 - 0x00007ffed11c4000 	C:\WINDOWS\System32\RPCRT4.dll
0x00007ffed0ce0000 - 0x00007ffed0e70000 	C:\WINDOWS\System32\USER32.dll
0x00007ffed0660000 - 0x00007ffed0680000 	C:\WINDOWS\System32\win32u.dll
0x00007ffed0e70000 - 0x00007ffed0e98000 	C:\WINDOWS\System32\GDI32.dll
0x00007ffecf6b0000 - 0x00007ffecf842000 	C:\WINDOWS\System32\gdi32full.dll
0x00007ffecf610000 - 0x00007ffecf6af000 	C:\WINDOWS\System32\msvcp_win.dll
0x00007ffecfe50000 - 0x00007ffecff4a000 	C:\WINDOWS\System32\ucrtbase.dll
0x00007ffec8780000 - 0x00007ffec89e9000 	C:\WINDOWS\WinSxS\amd64_microsoft.windows.common-controls_6595b64144ccf1df_6.0.17134.228_none_fb4599993062b194\COMCTL32.dll
0x00007ffed0730000 - 0x00007ffed0a53000 	C:\WINDOWS\System32\combase.dll
0x00007ffecf850000 - 0x00007ffecf8ca000 	C:\WINDOWS\System32\bcryptPrimitives.dll
0x00007ffed0be0000 - 0x00007ffed0c0d000 	C:\WINDOWS\System32\IMM32.DLL
0x000000005ac40000 - 0x000000005ad12000 	F:\soft\Java\jdk1.8.0_171\jre\bin\msvcr100.dll
0x000000005a3a0000 - 0x000000005ac40000 	F:\soft\Java\jdk1.8.0_171\jre\bin\server\jvm.dll
0x00007ffed0cc0000 - 0x00007ffed0cc8000 	C:\WINDOWS\System32\PSAPI.DLL
0x00007ffec2b30000 - 0x00007ffec2b39000 	C:\WINDOWS\SYSTEM32\WSOCK32.dll
0x00007ffed0ea0000 - 0x00007ffed0f0c000 	C:\WINDOWS\System32\WS2_32.dll
0x00007ffecbf90000 - 0x00007ffecbfb3000 	C:\WINDOWS\SYSTEM32\WINMM.dll
0x00007ffecaf40000 - 0x00007ffecaf4a000 	C:\WINDOWS\SYSTEM32\VERSION.dll
0x00007ffecbf10000 - 0x00007ffecbf3a000 	C:\WINDOWS\SYSTEM32\WINMMBASE.dll
0x00007ffed0680000 - 0x00007ffed06c9000 	C:\WINDOWS\System32\cfgmgr32.dll
0x000000005a390000 - 0x000000005a39f000 	F:\soft\Java\jdk1.8.0_171\jre\bin\verify.dll
0x000000005a360000 - 0x000000005a389000 	F:\soft\Java\jdk1.8.0_171\jre\bin\java.dll
0x000000005a0d0000 - 0x000000005a0f3000 	F:\soft\Java\jdk1.8.0_171\jre\bin\instrument.dll
0x000000005a340000 - 0x000000005a356000 	F:\soft\Java\jdk1.8.0_171\jre\bin\zip.dll

VM Arguments:
jvm_args: -ea -Didea.test.cyclic.buffer.size=1048576 -javaagent:F:\soft\IntelliJ IDEA 2018.1.6\lib\idea_rt.jar=53479:F:\soft\IntelliJ IDEA 2018.1.6\bin -Dfile.encoding=UTF-8 
java_command: com.intellij.rt.execution.junit.JUnitStarter -ideVersion5 -junit4 hk.quantr.sharepoint.TestPermissions,testHavePermissions
java_class_path (initial): F:\soft\IntelliJ IDEA 2018.1.6\lib\idea_rt.jar;F:\soft\IntelliJ IDEA 2018.1.6\plugins\junit\lib\junit-rt.jar;F:\soft\IntelliJ IDEA 2018.1.6\plugins\junit\lib\junit5-rt.jar;F:\soft\Java\jdk1.8.0_171\jre\lib\charsets.jar;F:\soft\Java\jdk1.8.0_171\jre\lib\deploy.jar;F:\soft\Java\jdk1.8.0_171\jre\lib\ext\access-bridge-64.jar;F:\soft\Java\jdk1.8.0_171\jre\lib\ext\cldrdata.jar;F:\soft\Java\jdk1.8.0_171\jre\lib\ext\dnsns.jar;F:\soft\Java\jdk1.8.0_171\jre\lib\ext\jaccess.jar;F:\soft\Java\jdk1.8.0_171\jre\lib\ext\jfxrt.jar;F:\soft\Java\jdk1.8.0_171\jre\lib\ext\localedata.jar;F:\soft\Java\jdk1.8.0_171\jre\lib\ext\nashorn.jar;F:\soft\Java\jdk1.8.0_171\jre\lib\ext\sunec.jar;F:\soft\Java\jdk1.8.0_171\jre\lib\ext\sunjce_provider.jar;F:\soft\Java\jdk1.8.0_171\jre\lib\ext\sunmscapi.jar;F:\soft\Java\jdk1.8.0_171\jre\lib\ext\sunpkcs11.jar;F:\soft\Java\jdk1.8.0_171\jre\lib\ext\zipfs.jar;F:\soft\Java\jdk1.8.0_171\jre\lib\javaws.jar;F:\soft\Java\jdk1.8.0_171\jre\lib\jce.jar;F:\soft\Java\jdk1.8.0_171\jre\lib\jfr.jar;F:\soft\Java\jdk1.8.0_171\jre\lib\jfxswt.jar;F:\soft\Java\jdk1.8.0_171\jre\lib\jsse.jar;F:\soft\Java\jdk1.8.0_171\jre\lib\management-agent.jar;F:\soft\Java\jdk1.8.0_171\jre\lib\plugin.jar;F:\soft\Java\jdk1.8.0_171\jre\lib\resources.jar;F:\soft\Java\jdk1.8.0_171\jre\lib\rt.jar;F:\IdeaProjects\sysware\Sharepoint-Java-API\target\test-classes;F:\IdeaProjects\sysware\Sharepoint-Java-API\target\classes;C:\Users\Raytine\.m2\repository\commons-io\commons-io\2.5\commons-io-2.5.jar;C:\Users\Raytine\.m2\repository\junit\junit\4.12\junit-4.12.jar;C:\Users\Raytine\.m2\repository\org\hamcrest\hamcrest-core\1.3\hamcrest-core-1.3.jar;C:\Users\Raytine\.m2\repository\org\apache\httpcomponents\httpclient\4.5.3\httpclient-4.5.3.jar;C:\Users\Raytine\.m2\repository\org\apache\httpcomponents\httpcore\4.4.9\httpcore-4.4.9.jar;C:\Users\Raytine\.m2\repository\commons-codec\commons-codec\1.10\commons-codec-1.10.jar;C:\Users\Raytine\.m2\repository\org\json\json\20160810\json
Launcher Type: SUN_STANDARD

Environment Variables:
JAVA_HOME=F:\soft\Java\jdk1.8.0_171
PATH=C:\Program Files (x86)\Common Files\Oracle\Java\javapath;C:\Program Files (x86)\Intel\Intel(R) Management Engine Components\iCLS\;C:\Program Files\Intel\Intel(R) Management Engine Components\iCLS\;C:\Windows\system32;C:\Windows;C:\Windows\System32\Wbem;C:\Windows\System32\WindowsPowerShell\v1.0\;C:\Program Files (x86)\Intel\Intel(R) Management Engine Components\DAL;C:\Program Files\Intel\Intel(R) Management Engine Components\DAL;C:\Program Files (x86)\Intel\Intel(R) Management Engine Components\IPT;C:\Program Files\Intel\Intel(R) Management Engine Components\IPT;C:\Program Files (x86)\NVIDIA Corporation\PhysX\Common;C:\WINDOWS\system32;C:\WINDOWS;C:\WINDOWS\System32\Wbem;C:\WINDOWS\System32\WindowsPowerShell\v1.0\;C:\WINDOWS\System32\OpenSSH\;C:\Program Files\dotnet\;C:\Program Files\Microsoft SQL Server\130\Tools\Binn\;E:\Program Files\nodejs\;F:\program\TortoiseSVN\bin;E:\Program Files\Git\cmd;C:\Users\Raytine\AppData\Local\Microsoft\WindowsApps;F:\soft\Java\jdk1.8.0_171\bin;E:\Program Files\Microsoft VS Code\bin;C:\Users\Raytine\AppData\Roaming\npm;C:\Users\Raytine\AppData\Local\GitHubDesktop\bin;F:\soft\apache-maven-3.5.4\bin;
USERNAME=Raytine
OS=Windows_NT
PROCESSOR_IDENTIFIER=Intel64 Family 6 Model 158 Stepping 10, GenuineIntel



---------------  S Y S T E M  ---------------

OS: Windows 10.0 , 64 bit Build 17134 (10.0.17134.1)

CPU:total 6 (initial active 6) (6 cores per cpu, 1 threads per core) family 6 model 158 stepping 10, cmov, cx8, fxsr, mmx, sse, sse2, sse3, ssse3, sse4.1, sse4.2, popcnt, avx, avx2, aes, clmul, erms, rtm, 3dnowpref, lzcnt, tsc, tscinvbit, bmi1, bmi2, adx

Memory: 4k page, physical 8323576k(770908k free), swap 16083716k(168272k free)

vm_info: Java HotSpot(TM) 64-Bit Server VM (25.171-b11) for windows-amd64 JRE (1.8.0_171-b11), built on Mar 28 2018 16:06:12 by "java_re" with MS VC++ 10.0 (VS2010)

time: Thu Oct 18 19:16:37 2018
elapsed time: 0 seconds (0d 0h 0m 0s)

